<?xml version="1.0" encoding="UTF-8"?>
<!-- Generated by org.testng.reporters.JUnitReportReporter -->
<testsuite hostname="PRASHANT" failures="0" tests="5" name="com.OHRM.TestCases.AdminPageTest" time="9.245" errors="0" timestamp="2024-06-17T12:14:43 IST" skipped="0">
  <testcase classname="com.OHRM.TestCases.AdminPageTest" name="testLeftMenu" time="1.885"/>
  <system-out/>
  <testcase classname="com.OHRM.TestCases.AdminPageTest" name="validateAdminPage" time="0.010"/>
  <system-out/>
  <testcase classname="com.OHRM.TestCases.AdminPageTest" name="searchByUserName" time="2.729"/>
  <system-out/>
  <testcase classname="com.OHRM.TestCases.AdminPageTest" name="searchByUserRole" time="2.320"/>
  <system-out/>
  <testcase classname="com.OHRM.TestCases.AdminPageTest" name="searchByUserStatus" time="2.301"/>
  <system-out/>
</testsuite> <!-- com.OHRM.TestCases.AdminPageTest -->
